<?xml version="1.0" encoding="UTF-8"?>
<!-- Generated by org.testng.reporters.JUnitReportReporter -->
<testsuite hostname="LAPTOP-21POQEFS" failures="0" tests="1" name="scripts.Testcase1" time="5.771" errors="0" timestamp="2022-06-24T14:00:01 IST" skipped="0">
  <testcase classname="scripts.Testcase1" name="tc1" time="5.771"/>
  <system-out/>
</testsuite> <!-- scripts.Testcase1 -->
