<?xml version="1.0" encoding="UTF-8"?>
<!-- Generated by org.testng.reporters.JUnitReportReporter -->
<testsuite hostname="LAPTOP-21POQEFS" failures="0" tests="1" name="scripts.Testcase3" time="25.381" errors="0" timestamp="2022-06-27T13:55:28 IST" skipped="0">
  <testcase classname="scripts.Testcase3" name="tc3" time="25.381"/>
  <system-out/>
</testsuite> <!-- scripts.Testcase3 -->
