<?xml version="1.0" encoding="UTF-8"?>
<!-- Generated by org.testng.reporters.JUnitReportReporter -->
<testsuite hostname="LAPTOP-21POQEFS" failures="0" tests="1" name="scripts.Testcase2" time="7.481" errors="0" timestamp="2022-06-24T14:00:01 IST" skipped="0">
  <testcase classname="scripts.Testcase2" name="tc2" time="7.481"/>
  <system-out/>
</testsuite> <!-- scripts.Testcase2 -->
